<?xml version="1.0" encoding="UTF-8"?>
<testsuite name="com.example.ApplicationTest" tests="1" skipped="0" failures="0" errors="0" timestamp="2022-03-09T05:08:22" hostname="DESKTOP-R0LJMOB" time="0.306">
  <properties/>
  <testcase name="testRoot" classname="com.example.ApplicationTest" time="0.306"/>
  <system-out><![CDATA[2022-03-09 11:08:22.763 [Test worker] INFO  ktor.test - Autoreload is disabled because the development mode is off.
2022-03-09 11:08:22.770 [Test worker] INFO  ktor.test - Application started in 0.043 seconds.
]]></system-out>
  <system-err><![CDATA[]]></system-err>
</testsuite>
